<?xml version="1.0" encoding="UTF-8"?>
<!-- Generated by org.testng.reporters.JUnitReportReporter -->
<testsuite hostname="DESKTOP-R5IG3BH" failures="0" tests="10" name="TestApp" time="0.100" errors="0" timestamp="2021-07-26T21:07:27 PET" skipped="0">
  <testcase classname="TestApp" name="testAdvance" time="0.076"/>
  <system-out/>
  <testcase classname="TestApp" name="testTime" time="0.000"/>
  <system-out/>
  <testcase classname="TestApp" name="testNumberCenter" time="0.007"/>
  <system-out/>
  <testcase classname="TestApp" name="testCloseCenterOK" time="0.002"/>
  <system-out/>
  <testcase classname="TestApp" name="testPartialVaccination" time="0.001"/>
  <system-out/>
  <testcase classname="TestApp" name="testDarAltaOK" time="0.002"/>
  <system-out/>
  <testcase classname="TestApp" name="testDarAltaFail" time="0.002"/>
  <system-out/>
  <testcase classname="TestApp" name="testCoverage" time="0.003"/>
  <system-out/>
  <testcase classname="TestApp" name="testCompleteVaccination" time="0.004"/>
  <system-out/>
  <testcase classname="TestApp" name="testCloseCenterFail" time="0.003"/>
  <system-out/>
</testsuite> <!-- TestApp -->
