<?xml version="1.0" encoding="UTF-8"?>
<testsuite xmlns:xsi="http://www.w3.org/2001/XMLSchema-instance" xsi:noNamespaceSchemaLocation="https://maven.apache.org/surefire/maven-surefire-plugin/xsd/surefire-test-report.xsd" name="TestApp" time="0.974" tests="10" errors="0" skipped="0" failures="0">
  <properties>
    <property name="java.specification.version" value="16"/>
    <property name="sun.cpu.isalist" value="amd64"/>
    <property name="sun.jnu.encoding" value="Cp1252"/>
    <property name="java.class.path" value="C:\Users\alexandra\Desktop\CICLO_5\Ingeniería de Software\Vaccination\target\test-classes;C:\Users\alexandra\Desktop\CICLO_5\Ingeniería de Software\Vaccination\target\classes;C:\Users\alexandra\.m2\repository\org\testng\testng\7.3.0\testng-7.3.0.jar;C:\Users\alexandra\.m2\repository\com\beust\jcommander\1.78\jcommander-1.78.jar;C:\Users\alexandra\.m2\repository\org\apache\ant\ant\1.10.3\ant-1.10.3.jar;C:\Users\alexandra\.m2\repository\org\apache\ant\ant-launcher\1.10.3\ant-launcher-1.10.3.jar;C:\Users\alexandra\.m2\repository\junit\junit\4.12\junit-4.12.jar;C:\Users\alexandra\.m2\repository\org\hamcrest\hamcrest-core\1.3\hamcrest-core-1.3.jar;C:\Users\alexandra\.m2\repository\com\google\inject\guice\4.2.2\guice-4.2.2-no_aop.jar;C:\Users\alexandra\.m2\repository\javax\inject\javax.inject\1\javax.inject-1.jar;C:\Users\alexandra\.m2\repository\aopalliance\aopalliance\1.0\aopalliance-1.0.jar;C:\Users\alexandra\.m2\repository\com\google\guava\guava\25.1-android\guava-25.1-android.jar;C:\Users\alexandra\.m2\repository\com\google\code\findbugs\jsr305\3.0.2\jsr305-3.0.2.jar;C:\Users\alexandra\.m2\repository\org\checkerframework\checker-compat-qual\2.0.0\checker-compat-qual-2.0.0.jar;C:\Users\alexandra\.m2\repository\com\google\errorprone\error_prone_annotations\2.1.3\error_prone_annotations-2.1.3.jar;C:\Users\alexandra\.m2\repository\com\google\j2objc\j2objc-annotations\1.1\j2objc-annotations-1.1.jar;C:\Users\alexandra\.m2\repository\org\codehaus\mojo\animal-sniffer-annotations\1.14\animal-sniffer-annotations-1.14.jar;C:\Users\alexandra\.m2\repository\org\yaml\snakeyaml\1.21\snakeyaml-1.21.jar;C:\Users\alexandra\.m2\repository\org\apache\logging\log4j\log4j-api\2.13.3\log4j-api-2.13.3.jar;C:\Users\alexandra\.m2\repository\org\apache\logging\log4j\log4j-core\2.13.3\log4j-core-2.13.3.jar;"/>
    <property name="java.vm.vendor" value="Oracle Corporation"/>
    <property name="sun.arch.data.model" value="64"/>
    <property name="user.variant" value=""/>
    <property name="java.vendor.url" value="https://java.oracle.com/"/>
    <property name="user.timezone" value="America/Lima"/>
    <property name="os.name" value="Windows 10"/>
    <property name="java.vm.specification.version" value="16"/>
    <property name="sun.java.launcher" value="SUN_STANDARD"/>
    <property name="user.country" value="PE"/>
    <property name="sun.boot.library.path" value="C:\Program Files\Java\jdk-16.0.1\bin"/>
    <property name="sun.java.command" value="C:\Users\ALEXAN~1\AppData\Local\Temp\surefire5833455760284387172\surefirebooter17263435064288046422.jar C:\Users\alexandra\AppData\Local\Temp\surefire5833455760284387172 2021-07-26T21-07-25_702-jvmRun1 surefire7010601997504181758tmp surefire_017322615866655623185tmp"/>
    <property name="jdk.debug" value="release"/>
    <property name="surefire.test.class.path" value="C:\Users\alexandra\Desktop\CICLO_5\Ingeniería de Software\Vaccination\target\test-classes;C:\Users\alexandra\Desktop\CICLO_5\Ingeniería de Software\Vaccination\target\classes;C:\Users\alexandra\.m2\repository\org\testng\testng\7.3.0\testng-7.3.0.jar;C:\Users\alexandra\.m2\repository\com\beust\jcommander\1.78\jcommander-1.78.jar;C:\Users\alexandra\.m2\repository\org\apache\ant\ant\1.10.3\ant-1.10.3.jar;C:\Users\alexandra\.m2\repository\org\apache\ant\ant-launcher\1.10.3\ant-launcher-1.10.3.jar;C:\Users\alexandra\.m2\repository\junit\junit\4.12\junit-4.12.jar;C:\Users\alexandra\.m2\repository\org\hamcrest\hamcrest-core\1.3\hamcrest-core-1.3.jar;C:\Users\alexandra\.m2\repository\com\google\inject\guice\4.2.2\guice-4.2.2-no_aop.jar;C:\Users\alexandra\.m2\repository\javax\inject\javax.inject\1\javax.inject-1.jar;C:\Users\alexandra\.m2\repository\aopalliance\aopalliance\1.0\aopalliance-1.0.jar;C:\Users\alexandra\.m2\repository\com\google\guava\guava\25.1-android\guava-25.1-android.jar;C:\Users\alexandra\.m2\repository\com\google\code\findbugs\jsr305\3.0.2\jsr305-3.0.2.jar;C:\Users\alexandra\.m2\repository\org\checkerframework\checker-compat-qual\2.0.0\checker-compat-qual-2.0.0.jar;C:\Users\alexandra\.m2\repository\com\google\errorprone\error_prone_annotations\2.1.3\error_prone_annotations-2.1.3.jar;C:\Users\alexandra\.m2\repository\com\google\j2objc\j2objc-annotations\1.1\j2objc-annotations-1.1.jar;C:\Users\alexandra\.m2\repository\org\codehaus\mojo\animal-sniffer-annotations\1.14\animal-sniffer-annotations-1.14.jar;C:\Users\alexandra\.m2\repository\org\yaml\snakeyaml\1.21\snakeyaml-1.21.jar;C:\Users\alexandra\.m2\repository\org\apache\logging\log4j\log4j-api\2.13.3\log4j-api-2.13.3.jar;C:\Users\alexandra\.m2\repository\org\apache\logging\log4j\log4j-core\2.13.3\log4j-core-2.13.3.jar;"/>
    <property name="sun.cpu.endian" value="little"/>
    <property name="user.home" value="C:\Users\alexandra"/>
    <property name="user.language" value="es"/>
    <property name="java.specification.vendor" value="Oracle Corporation"/>
    <property name="java.version.date" value="2021-04-20"/>
    <property name="java.home" value="C:\Program Files\Java\jdk-16.0.1"/>
    <property name="file.separator" value="\"/>
    <property name="basedir" value="C:\Users\alexandra\Desktop\CICLO_5\Ingeniería de Software\Vaccination"/>
    <property name="java.vm.compressedOopsMode" value="32-bit"/>
    <property name="line.separator" value="&#10;"/>
    <property name="java.vm.specification.vendor" value="Oracle Corporation"/>
    <property name="java.specification.name" value="Java Platform API Specification"/>
    <property name="surefire.real.class.path" value="C:\Users\ALEXAN~1\AppData\Local\Temp\surefire5833455760284387172\surefirebooter17263435064288046422.jar"/>
    <property name="user.script" value=""/>
    <property name="sun.management.compiler" value="HotSpot 64-Bit Tiered Compilers"/>
    <property name="java.runtime.version" value="16.0.1+9-24"/>
    <property name="user.name" value="alexandra"/>
    <property name="path.separator" value=";"/>
    <property name="os.version" value="10.0"/>
    <property name="java.runtime.name" value="Java(TM) SE Runtime Environment"/>
    <property name="file.encoding" value="Cp1252"/>
    <property name="java.vm.name" value="Java HotSpot(TM) 64-Bit Server VM"/>
    <property name="localRepository" value="C:\Users\alexandra\.m2\repository"/>
    <property name="java.vendor.url.bug" value="https://bugreport.java.com/bugreport/"/>
    <property name="java.io.tmpdir" value="C:\Users\ALEXAN~1\AppData\Local\Temp\"/>
    <property name="java.version" value="16.0.1"/>
    <property name="user.dir" value="C:\Users\alexandra\Desktop\CICLO_5\Ingeniería de Software\Vaccination"/>
    <property name="os.arch" value="amd64"/>
    <property name="java.vm.specification.name" value="Java Virtual Machine Specification"/>
    <property name="sun.os.patch.level" value=""/>
    <property name="java.library.path" value="C:\Program Files\Java\jdk-16.0.1\bin;C:\WINDOWS\Sun\Java\bin;C:\WINDOWS\system32;C:\WINDOWS;C:\Python39\Scripts\;C:\Python39\;C:\Program Files\Common Files\Oracle\Java\javapath;C:\Program Files (x86)\Common Files\Oracle\Java\javapath;C:\Program Files\Python37\Scripts\;C:\Program Files\Python37\;C:\Python37\Scripts\;C:\Python37\;C:\Program Files (x86)\Intel\Intel(R) Management Engine Components\iCLS\;C:\Program Files\Intel\Intel(R) Management Engine Components\iCLS\;C:\windows\system32;C:\windows;C:\windows\System32\Wbem;C:\windows\System32\WindowsPowerShell\v1.0\;C:\windows\System32\OpenSSH\;C:\Program Files (x86)\Intel\Intel(R) Management Engine Components\DAL;C:\Program Files\Intel\Intel(R) Management Engine Components\DAL;C:\Program Files (x86)\Intel\Intel(R) Management Engine Components\IPT;C:\Program Files\Intel\Intel(R) Management Engine Components\IPT;C:\Program Files (x86)\NVIDIA Corporation\PhysX\Common;C:\WINDOWS\system32;C:\WINDOWS;C:\WINDOWS\System32\Wbem;C:\WINDOWS\System32\WindowsPowerShell\v1.0\;C:\WINDOWS\System32\OpenSSH\;C:\Program Files\Git\cmd;C:\Program Files\dotnet\;C:\Program Files\Microsoft SQL Server\130\Tools\Binn\;C:\Program Files\PostgreSQL\12\bin;;C:\Program Files\Docker\Docker\resources\bin;C:\ProgramData\DockerDesktop\version-bin;C:\ProgramData\chocolatey\bin;C:\Program Files\nodejs\;C:\Users\alexandra\AppData\Local\Programs\Python\Python38-32\Scripts\;C:\Users\alexandra\AppData\Local\Programs\Python\Python38-32\;C:\Users\alexandra\AppData\Local\Microsoft\WindowsApps;C:\Program Files\JetBrains\CLion 2019.2.2\bin;C:\Modeltech_pe_edu_10.4a\win32pe_edu;C:\Users\alexandra\AppData\Local\GitHubDesktop\bin;C:\Users\alexandra\AppData\Local\Programs\Microsoft VS Code\bin;C:\iverilog\gtkwave\bin\;C:\iverilog\bin\;C:\Program Files\mingw-w64\x86_64-8.1.0-posix-seh-rt_v6-rev0\mingw64\bin;C:\Users\alexandra\.dotnet\tools;C:\Users\alexandra\apache-maven-3.8.1-bin\apache-maven-3.8.1\bin;C:\Program Files\Java\jdk-16.0.1\bin;C:\Program Files\Graphviz\bin;C:\Users\alexandra\AppData\Roaming\npm;C:\Program Files\heroku\bin;."/>
    <property name="java.vm.info" value="mixed mode, sharing"/>
    <property name="java.vendor" value="Oracle Corporation"/>
    <property name="java.vm.version" value="16.0.1+9-24"/>
    <property name="sun.io.unicode.encoding" value="UnicodeLittle"/>
    <property name="java.class.version" value="60.0"/>
  </properties>
  <testcase name="testAdvance" classname="TestApp" time="0.077"/>
  <testcase name="testCloseCenterFail" classname="TestApp" time="0.015"/>
  <testcase name="testCloseCenterOK" classname="TestApp" time="0.01"/>
  <testcase name="testCompleteVaccination" classname="TestApp" time="0.007"/>
  <testcase name="testCoverage" classname="TestApp" time="0.015"/>
  <testcase name="testDarAltaFail" classname="TestApp" time="0.013"/>
  <testcase name="testDarAltaOK" classname="TestApp" time="0.005"/>
  <testcase name="testNumberCenter" classname="TestApp" time="0.023"/>
  <testcase name="testPartialVaccination" classname="TestApp" time="0.011"/>
  <testcase name="testTime" classname="TestApp" time="0"/>
</testsuite>